# JRE version: OpenJDK Runtime Environment (11.0.15) (build 11.0.15+0-b2043.56-9505619)
# Java VM: OpenJDK 64-Bit Server VM (11.0.15+0-b2043.56-9505619, mixed mode, tiered, compressed oops, g1 gc, windows-amd64)
Heap:
 garbage-first heap   total 260096K, used 164851K [0x0000000700000000, 0x0000000800000000)
  region size 1024K, 87 young (89088K), 14 survivors (14336K)
 Metaspace       used 89565K, capacity 92363K, committed 92464K, reserved 1128448K
  class space    used 11534K, capacity 12623K, committed 12672K, reserved 1048576K
GC Heap History (20 events):
Event: 22.971 GC heap before
{Heap before GC invocations=4 (full 0):
 garbage-first heap   total 260096K, used 88525K [0x0000000700000000, 0x0000000800000000)
  region size 1024K, 71 young (72704K), 2 survivors (2048K)
 Metaspace       used 29766K, capacity 30531K, committed 30896K, reserved 1075200K
  class space    used 3951K, capacity 4242K, committed 4352K, reserved 1048576K
}
Event: 22.976 GC heap after
{Heap after GC invocations=5 (full 0):
 garbage-first heap   total 260096K, used 19938K [0x0000000700000000, 0x0000000800000000)
  region size 1024K, 4 young (4096K), 4 survivors (4096K)
 Metaspace       used 29766K, capacity 30531K, committed 30896K, reserved 1075200K
  class space    used 3951K, capacity 4242K, committed 4352K, reserved 1048576K
}
Event: 23.998 GC heap before
{Heap before GC invocations=5 (full 0):
 garbage-first heap   total 260096K, used 49634K [0x0000000700000000, 0x0000000800000000)
  region size 1024K, 34 young (34816K), 4 survivors (4096K)
 Metaspace       used 34844K, capacity 35724K, committed 35888K, reserved 1081344K
  class space    used 4552K, capacity 4887K, committed 4992K, reserved 1048576K
}
Event: 24.014 GC heap after
{Heap after GC invocations=6 (full 0):
 garbage-first heap   total 260096K, used 22342K [0x0000000700000000, 0x0000000800000000)
  region size 1024K, 6 young (6144K), 6 survivors (6144K)
 Metaspace       used 34844K, capacity 35724K, committed 35888K, reserved 1081344K
  class space    used 4552K, capacity 4887K, committed 4992K, reserved 1048576K
}
Event: 27.790 GC heap before
{Heap before GC invocations=7 (full 0):
 garbage-first heap   total 260096K, used 148294K [0x0000000700000000, 0x0000000800000000)
  region size 1024K, 126 young (129024K), 6 survivors (6144K)
 Metaspace       used 46012K, capacity 47078K, committed 47152K, reserved 1089536K
  class space    used 5858K, capacity 6267K, committed 6272K, reserved 1048576K
}
Event: 27.809 GC heap after
{Heap after GC invocations=8 (full 0):
 garbage-first heap   total 260096K, used 30408K [0x0000000700000000, 0x0000000800000000)
  region size 1024K, 14 young (14336K), 14 survivors (14336K)
 Metaspace       used 46012K, capacity 47078K, committed 47152K, reserved 1089536K
  class space    used 5858K, capacity 6267K, committed 6272K, reserved 1048576K
}
Event: 35.275 GC heap before
{Heap before GC invocations=8 (full 0):
 garbage-first heap   total 260096K, used 163528K [0x0000000700000000, 0x0000000800000000)
  region size 1024K, 142 young (145408K), 14 survivors (14336K)
 Metaspace       used 55541K, capacity 56949K, committed 57264K, reserved 1099776K
  class space    used 7009K, capacity 7556K, committed 7680K, reserved 1048576K
}
Event: 35.294 GC heap after
{Heap after GC invocations=9 (full 0):
 garbage-first heap   total 260096K, used 41725K [0x0000000700000000, 0x0000000800000000)
  region size 1024K, 18 young (18432K), 18 survivors (18432K)
 Metaspace       used 55541K, capacity 56949K, committed 57264K, reserved 1099776K
  class space    used 7009K, capacity 7556K, committed 7680K, reserved 1048576K
}
Event: 35.770 GC heap before
{Heap before GC invocations=9 (full 0):
 garbage-first heap   total 260096K, used 65277K [0x0000000700000000, 0x0000000800000000)
  region size 1024K, 42 young (43008K), 18 survivors (18432K)
 Metaspace       used 58637K, capacity 60156K, committed 60208K, reserved 1101824K
  class space    used 7411K, capacity 8034K, committed 8064K, reserved 1048576K
}
Event: 35.790 GC heap after
{Heap after GC invocations=10 (full 0):
 garbage-first heap   total 260096K, used 43661K [0x0000000700000000, 0x0000000800000000)
  region size 1024K, 12 young (12288K), 12 survivors (12288K)
 Metaspace       used 58637K, capacity 60156K, committed 60208K, reserved 1101824K
  class space    used 7411K, capacity 8034K, committed 8064K, reserved 1048576K
}
Event: 38.339 GC heap before
{Heap before GC invocations=11 (full 0):
 garbage-first heap   total 260096K, used 194189K [0x0000000700000000, 0x0000000800000000)
  region size 1024K, 152 young (155648K), 12 survivors (12288K)
 Metaspace       used 66577K, capacity 68314K, committed 68528K, reserved 1107968K
  class space    used 8426K, capacity 9126K, committed 9216K, reserved 1048576K
}
Event: 38.384 GC heap after
{Heap after GC invocations=12 (full 0):
 garbage-first heap   total 260096K, used 54181K [0x0000000700000000, 0x0000000800000000)
  region size 1024K, 13 young (13312K), 13 survivors (13312K)
 Metaspace       used 66577K, capacity 68314K, committed 68528K, reserved 1107968K
  class space    used 8426K, capacity 9126K, committed 9216K, reserved 1048576K
}
Event: 41.229 GC heap before
{Heap before GC invocations=13 (full 0):
 garbage-first heap   total 260096K, used 190373K [0x0000000700000000, 0x0000000800000000)
  region size 1024K, 146 young (149504K), 13 survivors (13312K)
 Metaspace       used 77095K, capacity 79008K, committed 79152K, reserved 1118208K
  class space    used 10060K, capacity 10807K, committed 10880K, reserved 1048576K
}
Event: 41.251 GC heap after
{Heap after GC invocations=14 (full 0):
 garbage-first heap   total 260096K, used 63205K [0x0000000700000000, 0x0000000800000000)
  region size 1024K, 9 young (9216K), 9 survivors (9216K)
 Metaspace       used 77095K, capacity 79008K, committed 79152K, reserved 1118208K
  class space    used 10060K, capacity 10807K, committed 10880K, reserved 1048576K
}
Event: 45.131 GC heap before
{Heap before GC invocations=14 (full 0):
 garbage-first heap   total 260096K, used 195301K [0x0000000700000000, 0x0000000800000000)
  region size 1024K, 139 young (142336K), 9 survivors (9216K)
 Metaspace       used 84484K, capacity 86733K, committed 87088K, reserved 1124352K
  class space    used 10954K, capacity 11797K, committed 11904K, reserved 1048576K
}
Event: 45.154 GC heap after
{Heap after GC invocations=15 (full 0):
 garbage-first heap   total 260096K, used 78086K [0x0000000700000000, 0x0000000800000000)
  region size 1024K, 18 young (18432K), 18 survivors (18432K)
 Metaspace       used 84484K, capacity 86733K, committed 87088K, reserved 1124352K
  class space    used 10954K, capacity 11797K, committed 11904K, reserved 1048576K
}
Event: 50.359 GC heap before
{Heap before GC invocations=15 (full 0):
 garbage-first heap   total 260096K, used 196870K [0x0000000700000000, 0x0000000800000000)
  region size 1024K, 135 young (138240K), 18 survivors (18432K)
 Metaspace       used 87961K, capacity 90640K, committed 90800K, reserved 1128448K
  class space    used 11451K, capacity 12498K, committed 12544K, reserved 1048576K
}
Event: 50.390 GC heap after
{Heap after GC invocations=16 (full 0):
 garbage-first heap   total 260096K, used 87809K [0x0000000700000000, 0x0000000800000000)
  region size 1024K, 9 young (9216K), 9 survivors (9216K)
 Metaspace       used 87961K, capacity 90640K, committed 90800K, reserved 1128448K
  class space    used 11451K, capacity 12498K, committed 12544K, reserved 1048576K
}
Event: 54.685 GC heap before
{Heap before GC invocations=16 (full 0):
 garbage-first heap   total 260096K, used 203521K [0x0000000700000000, 0x0000000800000000)
  region size 1024K, 121 young (123904K), 9 survivors (9216K)
 Metaspace       used 89349K, capacity 92037K, committed 92208K, reserved 1128448K
  class space    used 11521K, capacity 12606K, committed 12672K, reserved 1048576K
}
Event: 54.703 GC heap after
{Heap after GC invocations=17 (full 0):
 garbage-first heap   total 260096K, used 92147K [0x0000000700000000, 0x0000000800000000)
  region size 1024K, 14 young (14336K), 14 survivors (14336K)
 Metaspace       used 89349K, capacity 92037K, committed 92208K, reserved 1128448K
  class space    used 11521K, capacity 12606K, committed 12672K, reserved 1048576K
}

