# JRE version: OpenJDK Runtime Environment (11.0.15) (build 11.0.15+0-b2043.56-9505619)
# Java VM: OpenJDK 64-Bit Server VM (11.0.15+0-b2043.56-9505619, mixed mode, tiered, compressed oops, g1 gc, windows-amd64)
Heap:
 garbage-first heap   total 431104K, used 283454K [0x0000000080000000, 0x0000000100000000)
  region size 1024K, 3 young (3072K), 3 survivors (3072K)
 Metaspace       used 134015K, capacity 137695K, committed 138672K, reserved 1169408K
  class space    used 16674K, capacity 18129K, committed 18584K, reserved 1048576K
GC Heap History (20 events):
Event: 45.184 GC heap after
{Heap after GC invocations=38 (full 0):
 garbage-first heap   total 312320K, used 136990K [0x0000000080000000, 0x0000000100000000)
  region size 1024K, 2 young (2048K), 2 survivors (2048K)
 Metaspace       used 125232K, capacity 128986K, committed 130096K, reserved 1161216K
  class space    used 15720K, capacity 17190K, committed 17688K, reserved 1048576K
}
Event: 46.886 GC heap before
{Heap before GC invocations=38 (full 0):
 garbage-first heap   total 312320K, used 267038K [0x0000000080000000, 0x0000000100000000)
  region size 1024K, 129 young (132096K), 2 survivors (2048K)
 Metaspace       used 125279K, capacity 129054K, committed 130096K, reserved 1161216K
  class space    used 15721K, capacity 17191K, committed 17688K, reserved 1048576K
}
Event: 46.894 GC heap after
{Heap after GC invocations=39 (full 0):
 garbage-first heap   total 312320K, used 137634K [0x0000000080000000, 0x0000000100000000)
  region size 1024K, 3 young (3072K), 3 survivors (3072K)
 Metaspace       used 125279K, capacity 129054K, committed 130096K, reserved 1161216K
  class space    used 15721K, capacity 17191K, committed 17688K, reserved 1048576K
}
Event: 48.036 GC heap before
{Heap before GC invocations=39 (full 0):
 garbage-first heap   total 312320K, used 225698K [0x0000000080000000, 0x0000000100000000)
  region size 1024K, 88 young (90112K), 3 survivors (3072K)
 Metaspace       used 125800K, capacity 129577K, committed 130608K, reserved 1163264K
  class space    used 15774K, capacity 17259K, committed 17688K, reserved 1048576K
}
Event: 48.050 GC heap after
{Heap after GC invocations=40 (full 0):
 garbage-first heap   total 312320K, used 140100K [0x0000000080000000, 0x0000000100000000)
  region size 1024K, 3 young (3072K), 3 survivors (3072K)
 Metaspace       used 125800K, capacity 129577K, committed 130608K, reserved 1163264K
  class space    used 15774K, capacity 17259K, committed 17688K, reserved 1048576K
}
Event: 50.931 GC heap before
{Heap before GC invocations=41 (full 0):
 garbage-first heap   total 312320K, used 296772K [0x0000000080000000, 0x0000000100000000)
  region size 1024K, 129 young (132096K), 3 survivors (3072K)
 Metaspace       used 130048K, capacity 133692K, committed 134832K, reserved 1165312K
  class space    used 16276K, capacity 17733K, committed 18328K, reserved 1048576K
}
Event: 50.960 GC heap after
{Heap after GC invocations=42 (full 0):
 garbage-first heap   total 320512K, used 181609K [0x0000000080000000, 0x0000000100000000)
  region size 1024K, 17 young (17408K), 17 survivors (17408K)
 Metaspace       used 130048K, capacity 133692K, committed 134832K, reserved 1165312K
  class space    used 16276K, capacity 17733K, committed 18328K, reserved 1048576K
}
Event: 50.964 GC heap before
{Heap before GC invocations=42 (full 0):
 garbage-first heap   total 320512K, used 181609K [0x0000000080000000, 0x0000000100000000)
  region size 1024K, 18 young (18432K), 17 survivors (17408K)
 Metaspace       used 130075K, capacity 133756K, committed 135088K, reserved 1167360K
  class space    used 16281K, capacity 17733K, committed 18328K, reserved 1048576K
}
Event: 50.984 GC heap after
{Heap after GC invocations=43 (full 0):
 garbage-first heap   total 320512K, used 175161K [0x0000000080000000, 0x0000000100000000)
  region size 1024K, 2 young (2048K), 2 survivors (2048K)
 Metaspace       used 130075K, capacity 133756K, committed 135088K, reserved 1167360K
  class space    used 16281K, capacity 17733K, committed 18328K, reserved 1048576K
}
Event: 51.579 GC heap before
{Heap before GC invocations=43 (full 0):
 garbage-first heap   total 320512K, used 308281K [0x0000000080000000, 0x0000000100000000)
  region size 1024K, 91 young (93184K), 2 survivors (2048K)
 Metaspace       used 133411K, capacity 137153K, committed 138160K, reserved 1169408K
  class space    used 16635K, capacity 18101K, committed 18584K, reserved 1048576K
}
Event: 51.637 GC heap after
{Heap after GC invocations=44 (full 0):
 garbage-first heap   total 344064K, used 225471K [0x0000000080000000, 0x0000000100000000)
  region size 1024K, 12 young (12288K), 12 survivors (12288K)
 Metaspace       used 133411K, capacity 137153K, committed 138160K, reserved 1169408K
  class space    used 16635K, capacity 18101K, committed 18584K, reserved 1048576K
}
Event: 52.015 GC heap before
{Heap before GC invocations=44 (full 0):
 garbage-first heap   total 344064K, used 262335K [0x0000000080000000, 0x0000000100000000)
  region size 1024K, 43 young (44032K), 12 survivors (12288K)
 Metaspace       used 133537K, capacity 137241K, committed 138160K, reserved 1169408K
  class space    used 16643K, capacity 18109K, committed 18584K, reserved 1048576K
}
Event: 52.069 GC heap after
{Heap after GC invocations=45 (full 0):
 garbage-first heap   total 344064K, used 245760K [0x0000000080000000, 0x0000000100000000)
  region size 1024K, 6 young (6144K), 6 survivors (6144K)
 Metaspace       used 133537K, capacity 137241K, committed 138160K, reserved 1169408K
  class space    used 16643K, capacity 18109K, committed 18584K, reserved 1048576K
}
Event: 52.597 GC heap before
{Heap before GC invocations=46 (full 0):
 garbage-first heap   total 344064K, used 282624K [0x0000000080000000, 0x0000000100000000)
  region size 1024K, 43 young (44032K), 6 survivors (6144K)
 Metaspace       used 133917K, capacity 137616K, committed 138672K, reserved 1169408K
  class space    used 16674K, capacity 18129K, committed 18584K, reserved 1048576K
}
Event: 52.652 GC heap after
{Heap after GC invocations=47 (full 0):
 garbage-first heap   total 344064K, used 262144K [0x0000000080000000, 0x0000000100000000)
  region size 1024K, 6 young (6144K), 6 survivors (6144K)
 Metaspace       used 133917K, capacity 137616K, committed 138672K, reserved 1169408K
  class space    used 16674K, capacity 18129K, committed 18584K, reserved 1048576K
}
Event: 52.751 GC heap before
{Heap before GC invocations=47 (full 0):
 garbage-first heap   total 344064K, used 272384K [0x0000000080000000, 0x0000000100000000)
  region size 1024K, 16 young (16384K), 6 survivors (6144K)
 Metaspace       used 133923K, capacity 137616K, committed 138672K, reserved 1169408K
  class space    used 16674K, capacity 18129K, committed 18584K, reserved 1048576K
}
Event: 52.790 GC heap after
{Heap after GC invocations=48 (full 0):
 garbage-first heap   total 344064K, used 260096K [0x0000000080000000, 0x0000000100000000)
  region size 1024K, 2 young (2048K), 2 survivors (2048K)
 Metaspace       used 133923K, capacity 137616K, committed 138672K, reserved 1169408K
  class space    used 16674K, capacity 18129K, committed 18584K, reserved 1048576K
}
Event: 52.965 GC heap before
{Heap before GC invocations=48 (full 0):
 garbage-first heap   total 344064K, used 285696K [0x0000000080000000, 0x0000000100000000)
  region size 1024K, 27 young (27648K), 2 survivors (2048K)
 Metaspace       used 134011K, capacity 137693K, committed 138672K, reserved 1169408K
  class space    used 16674K, capacity 18129K, committed 18584K, reserved 1048576K
}
Event: 52.989 GC heap after
{Heap after GC invocations=49 (full 0):
 garbage-first heap   total 344064K, used 274035K [0x0000000080000000, 0x0000000100000000)
  region size 1024K, 4 young (4096K), 4 survivors (4096K)
 Metaspace       used 134011K, capacity 137693K, committed 138672K, reserved 1169408K
  class space    used 16674K, capacity 18129K, committed 18584K, reserved 1048576K
}
Event: 53.050 GC heap before
{Heap before GC invocations=49 (full 0):
 garbage-first heap   total 344064K, used 289395K [0x0000000080000000, 0x0000000100000000)
  region size 1024K, 20 young (20480K), 4 survivors (4096K)
 Metaspace       used 134015K, capacity 137695K, committed 138672K, reserved 1169408K
  class space    used 16674K, capacity 18129K, committed 18584K, reserved 1048576K
}

