# JRE version: OpenJDK Runtime Environment (11.0.15) (build 11.0.15+0-b2043.56-9505619)
# Java VM: OpenJDK 64-Bit Server VM (11.0.15+0-b2043.56-9505619, mixed mode, tiered, compressed oops, g1 gc, windows-amd64)
Heap:
 garbage-first heap   total 445440K, used 256215K [0x0000000080000000, 0x0000000100000000)
  region size 1024K, 2 young (2048K), 2 survivors (2048K)
 Metaspace       used 103379K, capacity 106423K, committed 106780K, reserved 1140736K
  class space    used 13426K, capacity 14609K, committed 14744K, reserved 1048576K
GC Heap History (20 events):
Event: 39.603 GC heap after
{Heap after GC invocations=26 (full 0):
 garbage-first heap   total 260096K, used 178270K [0x0000000080000000, 0x0000000100000000)
  region size 1024K, 5 young (5120K), 5 survivors (5120K)
 Metaspace       used 100882K, capacity 103797K, committed 104220K, reserved 1138688K
  class space    used 12941K, capacity 14046K, committed 14232K, reserved 1048576K
}
Event: 40.176 GC heap before
{Heap before GC invocations=27 (full 0):
 garbage-first heap   total 260096K, used 206942K [0x0000000080000000, 0x0000000100000000)
  region size 1024K, 32 young (32768K), 5 survivors (5120K)
 Metaspace       used 100882K, capacity 103797K, committed 104220K, reserved 1138688K
  class space    used 12941K, capacity 14046K, committed 14232K, reserved 1048576K
}
Event: 40.204 GC heap after
{Heap after GC invocations=28 (full 0):
 garbage-first heap   total 260096K, used 190980K [0x0000000080000000, 0x0000000100000000)
  region size 1024K, 4 young (4096K), 4 survivors (4096K)
 Metaspace       used 100882K, capacity 103797K, committed 104220K, reserved 1138688K
  class space    used 12941K, capacity 14046K, committed 14232K, reserved 1048576K
}
Event: 40.244 GC heap before
{Heap before GC invocations=28 (full 0):
 garbage-first heap   total 260096K, used 198148K [0x0000000080000000, 0x0000000100000000)
  region size 1024K, 12 young (12288K), 4 survivors (4096K)
 Metaspace       used 100882K, capacity 103797K, committed 104220K, reserved 1138688K
  class space    used 12941K, capacity 14046K, committed 14232K, reserved 1048576K
}
Event: 40.262 GC heap after
{Heap after GC invocations=29 (full 0):
 garbage-first heap   total 260096K, used 194811K [0x0000000080000000, 0x0000000100000000)
  region size 1024K, 4 young (4096K), 4 survivors (4096K)
 Metaspace       used 100882K, capacity 103797K, committed 104220K, reserved 1138688K
  class space    used 12941K, capacity 14046K, committed 14232K, reserved 1048576K
}
Event: 40.411 GC heap before
{Heap before GC invocations=29 (full 0):
 garbage-first heap   total 260096K, used 215291K [0x0000000080000000, 0x0000000100000000)
  region size 1024K, 20 young (20480K), 4 survivors (4096K)
 Metaspace       used 100882K, capacity 103797K, committed 104220K, reserved 1138688K
  class space    used 12941K, capacity 14046K, committed 14232K, reserved 1048576K
}
Event: 40.432 GC heap after
{Heap after GC invocations=30 (full 0):
 garbage-first heap   total 260096K, used 206315K [0x0000000080000000, 0x0000000100000000)
  region size 1024K, 3 young (3072K), 3 survivors (3072K)
 Metaspace       used 100882K, capacity 103797K, committed 104220K, reserved 1138688K
  class space    used 12941K, capacity 14046K, committed 14232K, reserved 1048576K
}
Event: 40.551 GC heap before
{Heap before GC invocations=30 (full 0):
 garbage-first heap   total 260096K, used 216555K [0x0000000080000000, 0x0000000100000000)
  region size 1024K, 14 young (14336K), 3 survivors (3072K)
 Metaspace       used 101122K, capacity 104074K, committed 104604K, reserved 1140736K
  class space    used 12976K, capacity 14118K, committed 14360K, reserved 1048576K
}
Event: 40.570 GC heap after
{Heap after GC invocations=31 (full 0):
 garbage-first heap   total 260096K, used 211040K [0x0000000080000000, 0x0000000100000000)
  region size 1024K, 2 young (2048K), 2 survivors (2048K)
 Metaspace       used 101122K, capacity 104074K, committed 104604K, reserved 1140736K
  class space    used 12976K, capacity 14118K, committed 14360K, reserved 1048576K
}
Event: 40.885 GC heap before
{Heap before GC invocations=32 (full 0):
 garbage-first heap   total 260096K, used 221280K [0x0000000080000000, 0x0000000100000000)
  region size 1024K, 12 young (12288K), 2 survivors (2048K)
 Metaspace       used 103187K, capacity 106281K, committed 106524K, reserved 1140736K
  class space    used 13426K, capacity 14610K, committed 14744K, reserved 1048576K
}
Event: 40.899 GC heap after
{Heap after GC invocations=33 (full 0):
 garbage-first heap   total 260096K, used 214016K [0x0000000080000000, 0x0000000100000000)
  region size 1024K, 2 young (2048K), 2 survivors (2048K)
 Metaspace       used 103187K, capacity 106281K, committed 106524K, reserved 1140736K
  class space    used 13426K, capacity 14610K, committed 14744K, reserved 1048576K
}
Event: 41.053 GC heap before
{Heap before GC invocations=33 (full 0):
 garbage-first heap   total 260096K, used 224256K [0x0000000080000000, 0x0000000100000000)
  region size 1024K, 12 young (12288K), 2 survivors (2048K)
 Metaspace       used 103278K, capacity 106354K, committed 106524K, reserved 1140736K
  class space    used 13426K, capacity 14610K, committed 14744K, reserved 1048576K
}
Event: 41.068 GC heap after
{Heap after GC invocations=34 (full 0):
 garbage-first heap   total 312320K, used 219296K [0x0000000080000000, 0x0000000100000000)
  region size 1024K, 2 young (2048K), 2 survivors (2048K)
 Metaspace       used 103278K, capacity 106354K, committed 106524K, reserved 1140736K
  class space    used 13426K, capacity 14610K, committed 14744K, reserved 1048576K
}
Event: 41.284 GC heap before
{Heap before GC invocations=34 (full 0):
 garbage-first heap   total 312320K, used 241824K [0x0000000080000000, 0x0000000100000000)
  region size 1024K, 24 young (24576K), 2 survivors (2048K)
 Metaspace       used 103341K, capacity 106423K, committed 106780K, reserved 1140736K
  class space    used 13426K, capacity 14610K, committed 14744K, reserved 1048576K
}
Event: 41.299 GC heap after
{Heap after GC invocations=35 (full 0):
 garbage-first heap   total 312320K, used 230958K [0x0000000080000000, 0x0000000100000000)
  region size 1024K, 3 young (3072K), 3 survivors (3072K)
 Metaspace       used 103341K, capacity 106423K, committed 106780K, reserved 1140736K
  class space    used 13426K, capacity 14610K, committed 14744K, reserved 1048576K
}
Event: 41.414 GC heap before
{Heap before GC invocations=35 (full 0):
 garbage-first heap   total 312320K, used 249390K [0x0000000080000000, 0x0000000100000000)
  region size 1024K, 22 young (22528K), 3 survivors (3072K)
 Metaspace       used 103352K, capacity 106426K, committed 106780K, reserved 1140736K
  class space    used 13426K, capacity 14610K, committed 14744K, reserved 1048576K
}
Event: 41.434 GC heap after
{Heap after GC invocations=36 (full 0):
 garbage-first heap   total 312320K, used 241290K [0x0000000080000000, 0x0000000100000000)
  region size 1024K, 3 young (3072K), 3 survivors (3072K)
 Metaspace       used 103352K, capacity 106426K, committed 106780K, reserved 1140736K
  class space    used 13426K, capacity 14610K, committed 14744K, reserved 1048576K
}
Event: 41.624 GC heap before
{Heap before GC invocations=36 (full 0):
 garbage-first heap   total 312320K, used 255626K [0x0000000080000000, 0x0000000100000000)
  region size 1024K, 19 young (19456K), 3 survivors (3072K)
 Metaspace       used 103351K, capacity 106423K, committed 106780K, reserved 1140736K
  class space    used 13426K, capacity 14609K, committed 14744K, reserved 1048576K
}
Event: 41.638 GC heap after
{Heap after GC invocations=37 (full 0):
 garbage-first heap   total 312320K, used 248516K [0x0000000080000000, 0x0000000100000000)
  region size 1024K, 3 young (3072K), 3 survivors (3072K)
 Metaspace       used 103351K, capacity 106423K, committed 106780K, reserved 1140736K
  class space    used 13426K, capacity 14609K, committed 14744K, reserved 1048576K
}
Event: 41.759 GC heap before
{Heap before GC invocations=37 (full 0):
 garbage-first heap   total 312320K, used 260804K [0x0000000080000000, 0x0000000100000000)
  region size 1024K, 16 young (16384K), 3 survivors (3072K)
 Metaspace       used 103379K, capacity 106423K, committed 106780K, reserved 1140736K
  class space    used 13426K, capacity 14609K, committed 14744K, reserved 1048576K
}

