# JRE version: OpenJDK Runtime Environment (11.0.15) (build 11.0.15+0-b2043.56-9505619)
# Java VM: OpenJDK 64-Bit Server VM (11.0.15+0-b2043.56-9505619, mixed mode, tiered, compressed oops, g1 gc, windows-amd64)
Heap:
 garbage-first heap   total 293888K, used 265365K [0x0000000080000000, 0x0000000100000000)
  region size 1024K, 83 young (84992K), 11 survivors (11264K)
 Metaspace       used 104742K, capacity 107620K, committed 108316K, reserved 1142784K
  class space    used 13439K, capacity 14506K, committed 14744K, reserved 1048576K
GC Heap History (20 events):
Event: 8.941 GC heap after
{Heap after GC invocations=10 (full 0):
 garbage-first heap   total 260096K, used 52038K [0x0000000080000000, 0x0000000100000000)
  region size 1024K, 19 young (19456K), 19 survivors (19456K)
 Metaspace       used 66245K, capacity 67873K, committed 68124K, reserved 1107968K
  class space    used 8379K, capacity 9007K, committed 9112K, reserved 1048576K
}
Event: 10.498 GC heap before
{Heap before GC invocations=10 (full 0):
 garbage-first heap   total 260096K, used 188230K [0x0000000080000000, 0x0000000100000000)
  region size 1024K, 152 young (155648K), 19 survivors (19456K)
 Metaspace       used 74810K, capacity 76545K, committed 76700K, reserved 1116160K
  class space    used 9722K, capacity 10408K, committed 10520K, reserved 1048576K
}
Event: 10.522 GC heap after
{Heap after GC invocations=11 (full 0):
 garbage-first heap   total 260096K, used 62070K [0x0000000080000000, 0x0000000100000000)
  region size 1024K, 10 young (10240K), 10 survivors (10240K)
 Metaspace       used 74810K, capacity 76545K, committed 76700K, reserved 1116160K
  class space    used 9722K, capacity 10408K, committed 10520K, reserved 1048576K
}
Event: 10.806 GC heap before
{Heap before GC invocations=11 (full 0):
 garbage-first heap   total 260096K, used 83574K [0x0000000080000000, 0x0000000100000000)
  region size 1024K, 32 young (32768K), 10 survivors (10240K)
 Metaspace       used 76548K, capacity 78411K, committed 78492K, reserved 1118208K
  class space    used 9981K, capacity 10722K, committed 10776K, reserved 1048576K
}
Event: 10.821 GC heap after
{Heap after GC invocations=12 (full 0):
 garbage-first heap   total 260096K, used 62558K [0x0000000080000000, 0x0000000100000000)
  region size 1024K, 11 young (11264K), 11 survivors (11264K)
 Metaspace       used 76548K, capacity 78411K, committed 78492K, reserved 1118208K
  class space    used 9981K, capacity 10722K, committed 10776K, reserved 1048576K
}
Event: 12.239 GC heap before
{Heap before GC invocations=13 (full 0):
 garbage-first heap   total 260096K, used 178270K [0x0000000080000000, 0x0000000100000000)
  region size 1024K, 124 young (126976K), 11 survivors (11264K)
 Metaspace       used 82410K, capacity 84567K, committed 84764K, reserved 1122304K
  class space    used 10773K, capacity 11580K, committed 11672K, reserved 1048576K
}
Event: 12.288 GC heap after
{Heap after GC invocations=14 (full 0):
 garbage-first heap   total 260096K, used 74558K [0x0000000080000000, 0x0000000100000000)
  region size 1024K, 14 young (14336K), 14 survivors (14336K)
 Metaspace       used 82410K, capacity 84567K, committed 84764K, reserved 1122304K
  class space    used 10773K, capacity 11580K, committed 11672K, reserved 1048576K
}
Event: 13.839 GC heap before
{Heap before GC invocations=15 (full 0):
 garbage-first heap   total 260096K, used 184126K [0x0000000080000000, 0x0000000100000000)
  region size 1024K, 122 young (124928K), 14 survivors (14336K)
 Metaspace       used 87172K, capacity 89757K, committed 89884K, reserved 1126400K
  class space    used 11357K, capacity 12329K, committed 12440K, reserved 1048576K
}
Event: 13.864 GC heap after
{Heap after GC invocations=16 (full 0):
 garbage-first heap   total 260096K, used 85287K [0x0000000080000000, 0x0000000100000000)
  region size 1024K, 12 young (12288K), 12 survivors (12288K)
 Metaspace       used 87172K, capacity 89757K, committed 89884K, reserved 1126400K
  class space    used 11357K, capacity 12329K, committed 12440K, reserved 1048576K
}
Event: 15.354 GC heap before
{Heap before GC invocations=16 (full 0):
 garbage-first heap   total 260096K, used 193831K [0x0000000080000000, 0x0000000100000000)
  region size 1024K, 116 young (118784K), 12 survivors (12288K)
 Metaspace       used 92505K, capacity 95209K, committed 95516K, reserved 1132544K
  class space    used 12032K, capacity 13068K, committed 13208K, reserved 1048576K
}
Event: 15.378 GC heap after
{Heap after GC invocations=17 (full 0):
 garbage-first heap   total 260096K, used 105276K [0x0000000080000000, 0x0000000100000000)
  region size 1024K, 15 young (15360K), 15 survivors (15360K)
 Metaspace       used 92505K, capacity 95209K, committed 95516K, reserved 1132544K
  class space    used 12032K, capacity 13068K, committed 13208K, reserved 1048576K
}
Event: 16.541 GC heap before
{Heap before GC invocations=17 (full 0):
 garbage-first heap   total 260096K, used 215868K [0x0000000080000000, 0x0000000100000000)
  region size 1024K, 99 young (101376K), 15 survivors (15360K)
 Metaspace       used 95826K, capacity 98583K, committed 98716K, reserved 1134592K
  class space    used 12387K, capacity 13463K, committed 13592K, reserved 1048576K
}
Event: 16.561 GC heap after
{Heap after GC invocations=18 (full 0):
 garbage-first heap   total 260096K, used 113022K [0x0000000080000000, 0x0000000100000000)
  region size 1024K, 8 young (8192K), 8 survivors (8192K)
 Metaspace       used 95826K, capacity 98583K, committed 98716K, reserved 1134592K
  class space    used 12387K, capacity 13463K, committed 13592K, reserved 1048576K
}
Event: 17.458 GC heap before
{Heap before GC invocations=18 (full 0):
 garbage-first heap   total 260096K, used 195966K [0x0000000080000000, 0x0000000100000000)
  region size 1024K, 90 young (92160K), 8 survivors (8192K)
 Metaspace       used 97391K, capacity 100327K, committed 100380K, reserved 1136640K
  class space    used 12554K, capacity 13684K, committed 13720K, reserved 1048576K
}
Event: 17.473 GC heap after
{Heap after GC invocations=19 (full 0):
 garbage-first heap   total 260096K, used 120570K [0x0000000080000000, 0x0000000100000000)
  region size 1024K, 8 young (8192K), 8 survivors (8192K)
 Metaspace       used 97391K, capacity 100327K, committed 100380K, reserved 1136640K
  class space    used 12554K, capacity 13684K, committed 13720K, reserved 1048576K
}
Event: 17.841 GC heap before
{Heap before GC invocations=19 (full 0):
 garbage-first heap   total 260096K, used 200442K [0x0000000080000000, 0x0000000100000000)
  region size 1024K, 87 young (89088K), 8 survivors (8192K)
 Metaspace       used 98671K, capacity 101654K, committed 101916K, reserved 1136640K
  class space    used 12712K, capacity 13831K, committed 13976K, reserved 1048576K
}
Event: 17.854 GC heap after
{Heap after GC invocations=20 (full 0):
 garbage-first heap   total 260096K, used 125289K [0x0000000080000000, 0x0000000100000000)
  region size 1024K, 5 young (5120K), 5 survivors (5120K)
 Metaspace       used 98671K, capacity 101654K, committed 101916K, reserved 1136640K
  class space    used 12712K, capacity 13831K, committed 13976K, reserved 1048576K
}
Event: 18.262 GC heap before
{Heap before GC invocations=20 (full 0):
 garbage-first heap   total 260096K, used 205161K [0x0000000080000000, 0x0000000100000000)
  region size 1024K, 84 young (86016K), 5 survivors (5120K)
 Metaspace       used 100478K, capacity 103458K, committed 103580K, reserved 1138688K
  class space    used 12931K, capacity 14063K, committed 14104K, reserved 1048576K
}
Event: 18.274 GC heap after
{Heap after GC invocations=21 (full 0):
 garbage-first heap   total 260096K, used 128153K [0x0000000080000000, 0x0000000100000000)
  region size 1024K, 8 young (8192K), 8 survivors (8192K)
 Metaspace       used 100478K, capacity 103458K, committed 103580K, reserved 1138688K
  class space    used 12931K, capacity 14063K, committed 14104K, reserved 1048576K
}
Event: 19.043 GC heap before
{Heap before GC invocations=22 (full 0):
 garbage-first heap   total 266240K, used 264345K [0x0000000080000000, 0x0000000100000000)
  region size 1024K, 80 young (81920K), 8 survivors (8192K)
 Metaspace       used 104742K, capacity 107620K, committed 108316K, reserved 1142784K
  class space    used 13439K, capacity 14506K, committed 14744K, reserved 1048576K
}

