# JRE version: OpenJDK Runtime Environment (11.0.15) (build 11.0.15+0-b2043.56-9505619)
# Java VM: OpenJDK 64-Bit Server VM (11.0.15+0-b2043.56-9505619, mixed mode, tiered, compressed oops, g1 gc, windows-amd64)
Heap:
 garbage-first heap   total 260096K, used 45826K [0x0000000080000000, 0x0000000100000000)
  region size 1024K, 23 young (23552K), 19 survivors (19456K)
 Metaspace       used 58208K, capacity 59772K, committed 59880K, reserved 1101824K
  class space    used 7352K, capacity 7972K, committed 8064K, reserved 1048576K
GC Heap History (12 events):
Event: 1.145 GC heap before
{Heap before GC invocations=0 (full 0):
 garbage-first heap   total 260096K, used 29696K [0x0000000080000000, 0x0000000100000000)
  region size 1024K, 24 young (24576K), 0 survivors (0K)
 Metaspace       used 10103K, capacity 10327K, committed 10624K, reserved 1058816K
  class space    used 1031K, capacity 1106K, committed 1152K, reserved 1048576K
}
Event: 1.152 GC heap after
{Heap after GC invocations=1 (full 0):
 garbage-first heap   total 260096K, used 9568K [0x0000000080000000, 0x0000000100000000)
  region size 1024K, 3 young (3072K), 3 survivors (3072K)
 Metaspace       used 10103K, capacity 10327K, committed 10624K, reserved 1058816K
  class space    used 1031K, capacity 1106K, committed 1152K, reserved 1048576K
}
Event: 6.856 GC heap before
{Heap before GC invocations=1 (full 0):
 garbage-first heap   total 260096K, used 108896K [0x0000000080000000, 0x0000000100000000)
  region size 1024K, 100 young (102400K), 3 survivors (3072K)
 Metaspace       used 20782K, capacity 21183K, committed 21296K, reserved 1069056K
  class space    used 2526K, capacity 2685K, committed 2688K, reserved 1048576K
}
Event: 6.875 GC heap after
{Heap after GC invocations=2 (full 0):
 garbage-first heap   total 260096K, used 17190K [0x0000000080000000, 0x0000000100000000)
  region size 1024K, 11 young (11264K), 11 survivors (11264K)
 Metaspace       used 20782K, capacity 21183K, committed 21296K, reserved 1069056K
  class space    used 2526K, capacity 2685K, committed 2688K, reserved 1048576K
}
Event: 7.289 GC heap before
{Heap before GC invocations=3 (full 0):
 garbage-first heap   total 260096K, used 32550K [0x0000000080000000, 0x0000000100000000)
  region size 1024K, 27 young (27648K), 11 survivors (11264K)
 Metaspace       used 22373K, capacity 22942K, committed 23216K, reserved 1069056K
  class space    used 2808K, capacity 3001K, committed 3072K, reserved 1048576K
}
Event: 7.300 GC heap after
{Heap after GC invocations=4 (full 0):
 garbage-first heap   total 260096K, used 17860K [0x0000000080000000, 0x0000000100000000)
  region size 1024K, 1 young (1024K), 1 survivors (1024K)
 Metaspace       used 22373K, capacity 22942K, committed 23216K, reserved 1069056K
  class space    used 2808K, capacity 3001K, committed 3072K, reserved 1048576K
}
Event: 9.923 GC heap before
{Heap before GC invocations=4 (full 0):
 garbage-first heap   total 260096K, used 125380K [0x0000000080000000, 0x0000000100000000)
  region size 1024K, 107 young (109568K), 1 survivors (1024K)
 Metaspace       used 34971K, capacity 35818K, committed 35920K, reserved 1081344K
  class space    used 4568K, capacity 4921K, committed 4992K, reserved 1048576K
}
Event: 9.941 GC heap after
{Heap after GC invocations=5 (full 0):
 garbage-first heap   total 260096K, used 22470K [0x0000000080000000, 0x0000000100000000)
  region size 1024K, 6 young (6144K), 6 survivors (6144K)
 Metaspace       used 34971K, capacity 35818K, committed 35920K, reserved 1081344K
  class space    used 4568K, capacity 4921K, committed 4992K, reserved 1048576K
}
Event: 12.945 GC heap before
{Heap before GC invocations=6 (full 0):
 garbage-first heap   total 260096K, used 156614K [0x0000000080000000, 0x0000000100000000)
  region size 1024K, 134 young (137216K), 6 survivors (6144K)
 Metaspace       used 46557K, capacity 47634K, committed 47720K, reserved 1091584K
  class space    used 5938K, capacity 6370K, committed 6400K, reserved 1048576K
}
Event: 12.976 GC heap after
{Heap after GC invocations=7 (full 0):
 garbage-first heap   total 260096K, used 30620K [0x0000000080000000, 0x0000000100000000)
  region size 1024K, 14 young (14336K), 14 survivors (14336K)
 Metaspace       used 46557K, capacity 47634K, committed 47720K, reserved 1091584K
  class space    used 5938K, capacity 6370K, committed 6400K, reserved 1048576K
}
Event: 15.949 GC heap before
{Heap before GC invocations=8 (full 0):
 garbage-first heap   total 260096K, used 173980K [0x0000000080000000, 0x0000000100000000)
  region size 1024K, 152 young (155648K), 14 survivors (14336K)
 Metaspace       used 57789K, capacity 59259K, committed 59496K, reserved 1101824K
  class space    used 7284K, capacity 7861K, committed 7936K, reserved 1048576K
}
Event: 15.978 GC heap after
{Heap after GC invocations=9 (full 0):
 garbage-first heap   total 260096K, used 42754K [0x0000000080000000, 0x0000000100000000)
  region size 1024K, 19 young (19456K), 19 survivors (19456K)
 Metaspace       used 57789K, capacity 59259K, committed 59496K, reserved 1101824K
  class space    used 7284K, capacity 7861K, committed 7936K, reserved 1048576K
}

