# JRE version: OpenJDK Runtime Environment (11.0.15) (build 11.0.15+0-b2043.56-9505619)
# Java VM: OpenJDK 64-Bit Server VM (11.0.15+0-b2043.56-9505619, mixed mode, tiered, compressed oops, g1 gc, windows-amd64)
Heap:
 garbage-first heap   total 260096K, used 65909K [0x0000000080000000, 0x0000000100000000)
  region size 1024K, 34 young (34816K), 19 survivors (19456K)
 Metaspace       used 66314K, capacity 68021K, committed 68124K, reserved 1107968K
  class space    used 8394K, capacity 9055K, committed 9112K, reserved 1048576K
GC Heap History (14 events):
Event: 0.826 GC heap before
{Heap before GC invocations=0 (full 0):
 garbage-first heap   total 260096K, used 29696K [0x0000000080000000, 0x0000000100000000)
  region size 1024K, 24 young (24576K), 0 survivors (0K)
 Metaspace       used 10099K, capacity 10327K, committed 10624K, reserved 1058816K
  class space    used 1031K, capacity 1106K, committed 1152K, reserved 1048576K
}
Event: 0.830 GC heap after
{Heap after GC invocations=1 (full 0):
 garbage-first heap   total 260096K, used 9402K [0x0000000080000000, 0x0000000100000000)
  region size 1024K, 3 young (3072K), 3 survivors (3072K)
 Metaspace       used 10099K, capacity 10327K, committed 10624K, reserved 1058816K
  class space    used 1031K, capacity 1106K, committed 1152K, reserved 1048576K
}
Event: 2.741 GC heap before
{Heap before GC invocations=1 (full 0):
 garbage-first heap   total 260096K, used 109754K [0x0000000080000000, 0x0000000100000000)
  region size 1024K, 101 young (103424K), 3 survivors (3072K)
 Metaspace       used 20760K, capacity 21189K, committed 21296K, reserved 1069056K
  class space    used 2527K, capacity 2687K, committed 2688K, reserved 1048576K
}
Event: 2.750 GC heap after
{Heap after GC invocations=2 (full 0):
 garbage-first heap   total 260096K, used 16868K [0x0000000080000000, 0x0000000100000000)
  region size 1024K, 11 young (11264K), 11 survivors (11264K)
 Metaspace       used 20760K, capacity 21189K, committed 21296K, reserved 1069056K
  class space    used 2527K, capacity 2687K, committed 2688K, reserved 1048576K
}
Event: 3.443 GC heap before
{Heap before GC invocations=3 (full 0):
 garbage-first heap   total 260096K, used 85476K [0x0000000080000000, 0x0000000100000000)
  region size 1024K, 78 young (79872K), 11 survivors (11264K)
 Metaspace       used 27579K, capacity 28286K, committed 28412K, reserved 1073152K
  class space    used 3617K, capacity 3875K, committed 3916K, reserved 1048576K
}
Event: 3.452 GC heap after
{Heap after GC invocations=4 (full 0):
 garbage-first heap   total 260096K, used 19634K [0x0000000080000000, 0x0000000100000000)
  region size 1024K, 3 young (3072K), 3 survivors (3072K)
 Metaspace       used 27579K, capacity 28286K, committed 28412K, reserved 1073152K
  class space    used 3617K, capacity 3875K, committed 3916K, reserved 1048576K
}
Event: 4.334 GC heap before
{Heap before GC invocations=4 (full 0):
 garbage-first heap   total 260096K, used 75954K [0x0000000080000000, 0x0000000100000000)
  region size 1024K, 59 young (60416K), 3 survivors (3072K)
 Metaspace       used 35128K, capacity 36009K, committed 36048K, reserved 1081344K
  class space    used 4571K, capacity 4921K, committed 4940K, reserved 1048576K
}
Event: 4.346 GC heap after
{Heap after GC invocations=5 (full 0):
 garbage-first heap   total 260096K, used 22315K [0x0000000080000000, 0x0000000100000000)
  region size 1024K, 6 young (6144K), 6 survivors (6144K)
 Metaspace       used 35128K, capacity 36009K, committed 36048K, reserved 1081344K
  class space    used 4571K, capacity 4921K, committed 4940K, reserved 1048576K
}
Event: 5.962 GC heap before
{Heap before GC invocations=6 (full 0):
 garbage-first heap   total 260096K, used 144171K [0x0000000080000000, 0x0000000100000000)
  region size 1024K, 121 young (123904K), 6 survivors (6144K)
 Metaspace       used 45675K, capacity 46690K, committed 46876K, reserved 1089536K
  class space    used 5809K, capacity 6224K, committed 6296K, reserved 1048576K
}
Event: 5.990 GC heap after
{Heap after GC invocations=7 (full 0):
 garbage-first heap   total 260096K, used 30536K [0x0000000080000000, 0x0000000100000000)
  region size 1024K, 14 young (14336K), 14 survivors (14336K)
 Metaspace       used 45675K, capacity 46690K, committed 46876K, reserved 1089536K
  class space    used 5809K, capacity 6224K, committed 6296K, reserved 1048576K
}
Event: 7.604 GC heap before
{Heap before GC invocations=8 (full 0):
 garbage-first heap   total 260096K, used 166728K [0x0000000080000000, 0x0000000100000000)
  region size 1024K, 145 young (148480K), 14 survivors (14336K)
 Metaspace       used 55329K, capacity 56730K, committed 56860K, reserved 1099776K
  class space    used 7000K, capacity 7551K, committed 7576K, reserved 1048576K
}
Event: 7.629 GC heap after
{Heap after GC invocations=9 (full 0):
 garbage-first heap   total 260096K, used 42174K [0x0000000080000000, 0x0000000100000000)
  region size 1024K, 18 young (18432K), 18 survivors (18432K)
 Metaspace       used 55329K, capacity 56730K, committed 56860K, reserved 1099776K
  class space    used 7000K, capacity 7551K, committed 7576K, reserved 1048576K
}
Event: 9.583 GC heap before
{Heap before GC invocations=9 (full 0):
 garbage-first heap   total 260096K, used 187582K [0x0000000080000000, 0x0000000100000000)
  region size 1024K, 152 young (155648K), 18 survivors (18432K)
 Metaspace       used 66283K, capacity 67859K, committed 68124K, reserved 1107968K
  class space    used 8389K, capacity 9021K, committed 9112K, reserved 1048576K
}
Event: 9.603 GC heap after
{Heap after GC invocations=10 (full 0):
 garbage-first heap   total 260096K, used 51573K [0x0000000080000000, 0x0000000100000000)
  region size 1024K, 19 young (19456K), 19 survivors (19456K)
 Metaspace       used 66283K, capacity 67859K, committed 68124K, reserved 1107968K
  class space    used 8389K, capacity 9021K, committed 9112K, reserved 1048576K
}

