# JRE version: OpenJDK Runtime Environment (11.0.15) (build 11.0.15+0-b2043.56-9505619)
# Java VM: OpenJDK 64-Bit Server VM (11.0.15+0-b2043.56-9505619, mixed mode, tiered, compressed oops, g1 gc, windows-amd64)
Heap:
 garbage-first heap   total 337920K, used 232212K [0x0000000080000000, 0x0000000100000000)
  region size 1024K, 2 young (2048K), 2 survivors (2048K)
 Metaspace       used 107603K, capacity 110510K, committed 110896K, reserved 1144832K
  class space    used 13964K, capacity 15086K, committed 15232K, reserved 1048576K
GC Heap History (20 events):
Event: 32.879 GC heap after
{Heap after GC invocations=17 (full 0):
 garbage-first heap   total 260096K, used 89879K [0x0000000080000000, 0x0000000100000000)
  region size 1024K, 10 young (10240K), 10 survivors (10240K)
 Metaspace       used 87658K, capacity 90298K, committed 90416K, reserved 1128448K
  class space    used 11392K, capacity 12367K, committed 12416K, reserved 1048576K
}
Event: 35.439 GC heap before
{Heap before GC invocations=17 (full 0):
 garbage-first heap   total 260096K, used 231191K [0x0000000080000000, 0x0000000100000000)
  region size 1024K, 121 young (123904K), 10 survivors (10240K)
 Metaspace       used 95744K, capacity 98591K, committed 98736K, reserved 1134592K
  class space    used 12384K, capacity 13495K, committed 13568K, reserved 1048576K
}
Event: 35.458 GC heap after
{Heap after GC invocations=18 (full 0):
 garbage-first heap   total 260096K, used 94465K [0x0000000080000000, 0x0000000100000000)
  region size 1024K, 5 young (5120K), 5 survivors (5120K)
 Metaspace       used 95744K, capacity 98591K, committed 98736K, reserved 1134592K
  class space    used 12384K, capacity 13495K, committed 13568K, reserved 1048576K
}
Event: 36.926 GC heap before
{Heap before GC invocations=18 (full 0):
 garbage-first heap   total 260096K, used 206081K [0x0000000080000000, 0x0000000100000000)
  region size 1024K, 115 young (117760K), 5 survivors (5120K)
 Metaspace       used 97571K, capacity 100575K, committed 100784K, reserved 1136640K
  class space    used 12563K, capacity 13697K, committed 13824K, reserved 1048576K
}
Event: 36.939 GC heap after
{Heap after GC invocations=19 (full 0):
 garbage-first heap   total 260096K, used 101114K [0x0000000080000000, 0x0000000100000000)
  region size 1024K, 11 young (11264K), 11 survivors (11264K)
 Metaspace       used 97571K, capacity 100575K, committed 100784K, reserved 1136640K
  class space    used 12563K, capacity 13697K, committed 13824K, reserved 1048576K
}
Event: 37.463 GC heap before
{Heap before GC invocations=19 (full 0):
 garbage-first heap   total 260096K, used 207610K [0x0000000080000000, 0x0000000100000000)
  region size 1024K, 116 young (118784K), 11 survivors (11264K)
 Metaspace       used 99256K, capacity 102204K, committed 102448K, reserved 1138688K
  class space    used 12774K, capacity 13904K, committed 13952K, reserved 1048576K
}
Event: 37.482 GC heap after
{Heap after GC invocations=20 (full 0):
 garbage-first heap   total 260096K, used 106640K [0x0000000080000000, 0x0000000100000000)
  region size 1024K, 6 young (6144K), 6 survivors (6144K)
 Metaspace       used 99256K, capacity 102204K, committed 102448K, reserved 1138688K
  class space    used 12774K, capacity 13904K, committed 13952K, reserved 1048576K
}
Event: 37.932 GC heap before
{Heap before GC invocations=20 (full 0):
 garbage-first heap   total 260096K, used 203920K [0x0000000080000000, 0x0000000100000000)
  region size 1024K, 88 young (90112K), 6 survivors (6144K)
 Metaspace       used 101330K, capacity 104352K, committed 104496K, reserved 1140736K
  class space    used 13035K, capacity 14183K, committed 14208K, reserved 1048576K
}
Event: 37.943 GC heap after
{Heap after GC invocations=21 (full 0):
 garbage-first heap   total 260096K, used 131918K [0x0000000080000000, 0x0000000100000000)
  region size 1024K, 14 young (14336K), 14 survivors (14336K)
 Metaspace       used 101330K, capacity 104352K, committed 104496K, reserved 1140736K
  class space    used 13035K, capacity 14183K, committed 14208K, reserved 1048576K
}
Event: 38.469 GC heap before
{Heap before GC invocations=22 (full 0):
 garbage-first heap   total 260096K, used 162638K [0x0000000080000000, 0x0000000100000000)
  region size 1024K, 41 young (41984K), 14 survivors (14336K)
 Metaspace       used 104782K, capacity 107630K, committed 108336K, reserved 1142784K
  class space    used 13437K, capacity 14506K, committed 14720K, reserved 1048576K
}
Event: 38.492 GC heap after
{Heap after GC invocations=23 (full 0):
 garbage-first heap   total 260096K, used 143208K [0x0000000080000000, 0x0000000100000000)
  region size 1024K, 6 young (6144K), 6 survivors (6144K)
 Metaspace       used 104782K, capacity 107630K, committed 108336K, reserved 1142784K
  class space    used 13437K, capacity 14506K, committed 14720K, reserved 1048576K
}
Event: 39.347 GC heap before
{Heap before GC invocations=24 (full 0):
 garbage-first heap   total 260096K, used 251752K [0x0000000080000000, 0x0000000100000000)
  region size 1024K, 64 young (65536K), 6 survivors (6144K)
 Metaspace       used 105181K, capacity 108004K, committed 108592K, reserved 1142784K
  class space    used 13491K, capacity 14545K, committed 14720K, reserved 1048576K
}
Event: 39.413 GC heap after
{Heap after GC invocations=25 (full 0):
 garbage-first heap   total 281600K, used 184484K [0x0000000080000000, 0x0000000100000000)
  region size 1024K, 9 young (9216K), 9 survivors (9216K)
 Metaspace       used 105181K, capacity 108004K, committed 108592K, reserved 1142784K
  class space    used 13491K, capacity 14545K, committed 14720K, reserved 1048576K
}
Event: 39.957 GC heap before
{Heap before GC invocations=26 (full 0):
 garbage-first heap   total 281600K, used 231588K [0x0000000080000000, 0x0000000100000000)
  region size 1024K, 50 young (51200K), 9 survivors (9216K)
 Metaspace       used 105182K, capacity 108004K, committed 108592K, reserved 1142784K
  class space    used 13491K, capacity 14545K, committed 14720K, reserved 1048576K
}
Event: 39.998 GC heap after
{Heap after GC invocations=27 (full 0):
 garbage-first heap   total 281600K, used 206013K [0x0000000080000000, 0x0000000100000000)
  region size 1024K, 7 young (7168K), 7 survivors (7168K)
 Metaspace       used 105182K, capacity 108004K, committed 108592K, reserved 1142784K
  class space    used 13491K, capacity 14545K, committed 14720K, reserved 1048576K
}
Event: 40.367 GC heap before
{Heap before GC invocations=27 (full 0):
 garbage-first heap   total 281600K, used 230589K [0x0000000080000000, 0x0000000100000000)
  region size 1024K, 32 young (32768K), 7 survivors (7168K)
 Metaspace       used 107088K, capacity 110024K, committed 110384K, reserved 1144832K
  class space    used 13942K, capacity 15080K, committed 15232K, reserved 1048576K
}
Event: 40.409 GC heap after
{Heap after GC invocations=28 (full 0):
 garbage-first heap   total 281600K, used 216469K [0x0000000080000000, 0x0000000100000000)
  region size 1024K, 4 young (4096K), 4 survivors (4096K)
 Metaspace       used 107088K, capacity 110024K, committed 110384K, reserved 1144832K
  class space    used 13942K, capacity 15080K, committed 15232K, reserved 1048576K
}
Event: 40.912 GC heap before
{Heap before GC invocations=28 (full 0):
 garbage-first heap   total 281600K, used 233877K [0x0000000080000000, 0x0000000100000000)
  region size 1024K, 23 young (23552K), 4 survivors (4096K)
 Metaspace       used 107592K, capacity 110510K, committed 110896K, reserved 1144832K
  class space    used 13964K, capacity 15086K, committed 15232K, reserved 1048576K
}
Event: 40.933 GC heap after
{Heap after GC invocations=29 (full 0):
 garbage-first heap   total 281600K, used 224569K [0x0000000080000000, 0x0000000100000000)
  region size 1024K, 3 young (3072K), 3 survivors (3072K)
 Metaspace       used 107592K, capacity 110510K, committed 110896K, reserved 1144832K
  class space    used 13964K, capacity 15086K, committed 15232K, reserved 1048576K
}
Event: 41.037 GC heap before
{Heap before GC invocations=29 (full 0):
 garbage-first heap   total 281600K, used 237881K [0x0000000080000000, 0x0000000100000000)
  region size 1024K, 16 young (16384K), 3 survivors (3072K)
 Metaspace       used 107603K, capacity 110510K, committed 110896K, reserved 1144832K
  class space    used 13964K, capacity 15086K, committed 15232K, reserved 1048576K
}

