# JRE version: OpenJDK Runtime Environment (11.0.15) (build 11.0.15+0-b2043.56-9505619)
# Java VM: OpenJDK 64-Bit Server VM (11.0.15+0-b2043.56-9505619, mixed mode, tiered, compressed oops, g1 gc, windows-amd64)
Heap:
 garbage-first heap   total 328704K, used 43863K [0x0000000700000000, 0x0000000800000000)
  region size 1024K, 12 young (12288K), 12 survivors (12288K)
 Metaspace       used 58589K, capacity 60095K, committed 60208K, reserved 1101824K
  class space    used 7392K, capacity 8014K, committed 8064K, reserved 1048576K
GC Heap History (17 events):
Event: 1.421 GC heap before
{Heap before GC invocations=0 (full 0):
 garbage-first heap   total 260096K, used 29696K [0x0000000700000000, 0x0000000800000000)
  region size 1024K, 24 young (24576K), 0 survivors (0K)
 Metaspace       used 10129K, capacity 10335K, committed 10624K, reserved 1058816K
  class space    used 1033K, capacity 1106K, committed 1152K, reserved 1048576K
}
Event: 1.428 GC heap after
{Heap after GC invocations=1 (full 0):
 garbage-first heap   total 260096K, used 9434K [0x0000000700000000, 0x0000000800000000)
  region size 1024K, 3 young (3072K), 3 survivors (3072K)
 Metaspace       used 10129K, capacity 10335K, committed 10624K, reserved 1058816K
  class space    used 1033K, capacity 1106K, committed 1152K, reserved 1048576K
}
Event: 1.919 GC heap before
{Heap before GC invocations=1 (full 0):
 garbage-first heap   total 260096K, used 30938K [0x0000000700000000, 0x0000000800000000)
  region size 1024K, 24 young (24576K), 3 survivors (3072K)
 Metaspace       used 11224K, capacity 11516K, committed 11776K, reserved 1060864K
  class space    used 1154K, capacity 1244K, committed 1280K, reserved 1048576K
}
Event: 1.922 GC heap after
{Heap after GC invocations=2 (full 0):
 garbage-first heap   total 260096K, used 9960K [0x0000000700000000, 0x0000000800000000)
  region size 1024K, 1 young (1024K), 1 survivors (1024K)
 Metaspace       used 11224K, capacity 11516K, committed 11776K, reserved 1060864K
  class space    used 1154K, capacity 1244K, committed 1280K, reserved 1048576K
}
Event: 3.902 GC heap before
{Heap before GC invocations=2 (full 0):
 garbage-first heap   total 260096K, used 64232K [0x0000000700000000, 0x0000000800000000)
  region size 1024K, 53 young (54272K), 1 survivors (1024K)
 Metaspace       used 18361K, capacity 18805K, committed 19072K, reserved 1067008K
  class space    used 2167K, capacity 2317K, committed 2432K, reserved 1048576K
}
Event: 3.908 GC heap after
{Heap after GC invocations=3 (full 0):
 garbage-first heap   total 260096K, used 16616K [0x0000000700000000, 0x0000000800000000)
  region size 1024K, 7 young (7168K), 7 survivors (7168K)
 Metaspace       used 18361K, capacity 18805K, committed 19072K, reserved 1067008K
  class space    used 2167K, capacity 2317K, committed 2432K, reserved 1048576K
}
Event: 4.196 GC heap before
{Heap before GC invocations=3 (full 0):
 garbage-first heap   total 260096K, used 38120K [0x0000000700000000, 0x0000000800000000)
  region size 1024K, 29 young (29696K), 7 survivors (7168K)
 Metaspace       used 20764K, capacity 21191K, committed 21296K, reserved 1069056K
  class space    used 2525K, capacity 2685K, committed 2688K, reserved 1048576K
}
Event: 4.206 GC heap after
{Heap after GC invocations=4 (full 0):
 garbage-first heap   total 260096K, used 17470K [0x0000000700000000, 0x0000000800000000)
  region size 1024K, 1 young (1024K), 1 survivors (1024K)
 Metaspace       used 20764K, capacity 21191K, committed 21296K, reserved 1069056K
  class space    used 2525K, capacity 2685K, committed 2688K, reserved 1048576K
}
Event: 5.252 GC heap before
{Heap before GC invocations=5 (full 0):
 garbage-first heap   total 260096K, used 88126K [0x0000000700000000, 0x0000000800000000)
  region size 1024K, 71 young (72704K), 1 survivors (1024K)
 Metaspace       used 27828K, capacity 28539K, committed 28720K, reserved 1075200K
  class space    used 3651K, capacity 3915K, committed 3968K, reserved 1048576K
}
Event: 5.257 GC heap after
{Heap after GC invocations=6 (full 0):
 garbage-first heap   total 260096K, used 19722K [0x0000000700000000, 0x0000000800000000)
  region size 1024K, 4 young (4096K), 4 survivors (4096K)
 Metaspace       used 27828K, capacity 28539K, committed 28720K, reserved 1075200K
  class space    used 3651K, capacity 3915K, committed 3968K, reserved 1048576K
}
Event: 6.257 GC heap before
{Heap before GC invocations=6 (full 0):
 garbage-first heap   total 260096K, used 71946K [0x0000000700000000, 0x0000000800000000)
  region size 1024K, 56 young (57344K), 4 survivors (4096K)
 Metaspace       used 34869K, capacity 35728K, committed 35888K, reserved 1081344K
  class space    used 4559K, capacity 4889K, committed 4992K, reserved 1048576K
}
Event: 6.268 GC heap after
{Heap after GC invocations=7 (full 0):
 garbage-first heap   total 260096K, used 22724K [0x0000000700000000, 0x0000000800000000)
  region size 1024K, 7 young (7168K), 7 survivors (7168K)
 Metaspace       used 34869K, capacity 35728K, committed 35888K, reserved 1081344K
  class space    used 4559K, capacity 4889K, committed 4992K, reserved 1048576K
}
Event: 8.256 GC heap before
{Heap before GC invocations=8 (full 0):
 garbage-first heap   total 260096K, used 136388K [0x0000000700000000, 0x0000000800000000)
  region size 1024K, 115 young (117760K), 7 survivors (7168K)
 Metaspace       used 45124K, capacity 46124K, committed 46256K, reserved 1089536K
  class space    used 5714K, capacity 6118K, committed 6144K, reserved 1048576K
}
Event: 8.341 GC heap after
{Heap after GC invocations=9 (full 0):
 garbage-first heap   total 260096K, used 30552K [0x0000000700000000, 0x0000000800000000)
  region size 1024K, 14 young (14336K), 14 survivors (14336K)
 Metaspace       used 45124K, capacity 46124K, committed 46256K, reserved 1089536K
  class space    used 5714K, capacity 6118K, committed 6144K, reserved 1048576K
}
Event: 10.949 GC heap before
{Heap before GC invocations=9 (full 0):
 garbage-first heap   total 260096K, used 173912K [0x0000000700000000, 0x0000000800000000)
  region size 1024K, 152 young (155648K), 14 survivors (14336K)
 Metaspace       used 54951K, capacity 56366K, committed 56624K, reserved 1097728K
  class space    used 6938K, capacity 7467K, committed 7552K, reserved 1048576K
}
Event: 10.969 GC heap after
{Heap after GC invocations=10 (full 0):
 garbage-first heap   total 260096K, used 42570K [0x0000000700000000, 0x0000000800000000)
  region size 1024K, 18 young (18432K), 18 survivors (18432K)
 Metaspace       used 54951K, capacity 56366K, committed 56624K, reserved 1097728K
  class space    used 6938K, capacity 7467K, committed 7552K, reserved 1048576K
}
Event: 11.707 GC heap before
{Heap before GC invocations=10 (full 0):
 garbage-first heap   total 260096K, used 69194K [0x0000000700000000, 0x0000000800000000)
  region size 1024K, 45 young (46080K), 18 survivors (18432K)
 Metaspace       used 58589K, capacity 60095K, committed 60208K, reserved 1101824K
  class space    used 7392K, capacity 8014K, committed 8064K, reserved 1048576K
}

