# JRE version: OpenJDK Runtime Environment (11.0.15) (build 11.0.15+0-b2043.56-9505619)
# Java VM: OpenJDK 64-Bit Server VM (11.0.15+0-b2043.56-9505619, mixed mode, tiered, compressed oops, g1 gc, windows-amd64)
Heap:
 garbage-first heap   total 312320K, used 87580K [0x0000000080000000, 0x0000000100000000)
  region size 1024K, 11 young (11264K), 11 survivors (11264K)
 Metaspace       used 87381K, capacity 89966K, committed 90020K, reserved 1126400K
  class space    used 11362K, capacity 12367K, committed 12416K, reserved 1048576K
GC Heap History (20 events):
Event: 0.581 GC heap after
{Heap after GC invocations=1 (full 0):
 garbage-first heap   total 260096K, used 9169K [0x0000000080000000, 0x0000000100000000)
  region size 1024K, 3 young (3072K), 3 survivors (3072K)
 Metaspace       used 10106K, capacity 10327K, committed 10624K, reserved 1058816K
  class space    used 1031K, capacity 1106K, committed 1152K, reserved 1048576K
}
Event: 2.405 GC heap before
{Heap before GC invocations=1 (full 0):
 garbage-first heap   total 260096K, used 108497K [0x0000000080000000, 0x0000000100000000)
  region size 1024K, 100 young (102400K), 3 survivors (3072K)
 Metaspace       used 20747K, capacity 21183K, committed 21296K, reserved 1069056K
  class space    used 2523K, capacity 2685K, committed 2688K, reserved 1048576K
}
Event: 2.416 GC heap after
{Heap after GC invocations=2 (full 0):
 garbage-first heap   total 260096K, used 16805K [0x0000000080000000, 0x0000000100000000)
  region size 1024K, 11 young (11264K), 11 survivors (11264K)
 Metaspace       used 20747K, capacity 21183K, committed 21296K, reserved 1069056K
  class space    used 2523K, capacity 2685K, committed 2688K, reserved 1048576K
}
Event: 3.131 GC heap before
{Heap before GC invocations=3 (full 0):
 garbage-first heap   total 260096K, used 64933K [0x0000000080000000, 0x0000000100000000)
  region size 1024K, 59 young (60416K), 11 survivors (11264K)
 Metaspace       used 25755K, capacity 26365K, committed 26544K, reserved 1073152K
  class space    used 3328K, capacity 3549K, committed 3584K, reserved 1048576K
}
Event: 3.143 GC heap after
{Heap after GC invocations=4 (full 0):
 garbage-first heap   total 260096K, used 19608K [0x0000000080000000, 0x0000000100000000)
  region size 1024K, 3 young (3072K), 3 survivors (3072K)
 Metaspace       used 25755K, capacity 26365K, committed 26544K, reserved 1073152K
  class space    used 3328K, capacity 3549K, committed 3584K, reserved 1048576K
}
Event: 4.538 GC heap before
{Heap before GC invocations=4 (full 0):
 garbage-first heap   total 260096K, used 96408K [0x0000000080000000, 0x0000000100000000)
  region size 1024K, 79 young (80896K), 3 survivors (3072K)
 Metaspace       used 34961K, capacity 35817K, committed 35888K, reserved 1081344K
  class space    used 4566K, capacity 4921K, committed 4992K, reserved 1048576K
}
Event: 4.552 GC heap after
{Heap after GC invocations=5 (full 0):
 garbage-first heap   total 260096K, used 22913K [0x0000000080000000, 0x0000000100000000)
  region size 1024K, 6 young (6144K), 6 survivors (6144K)
 Metaspace       used 34961K, capacity 35817K, committed 35888K, reserved 1081344K
  class space    used 4566K, capacity 4921K, committed 4992K, reserved 1048576K
}
Event: 6.736 GC heap before
{Heap before GC invocations=6 (full 0):
 garbage-first heap   total 260096K, used 141697K [0x0000000080000000, 0x0000000100000000)
  region size 1024K, 119 young (121856K), 6 survivors (6144K)
 Metaspace       used 45544K, capacity 46657K, committed 46824K, reserved 1089536K
  class space    used 5792K, capacity 6192K, committed 6272K, reserved 1048576K
}
Event: 6.763 GC heap after
{Heap after GC invocations=7 (full 0):
 garbage-first heap   total 260096K, used 30978K [0x0000000080000000, 0x0000000100000000)
  region size 1024K, 14 young (14336K), 14 survivors (14336K)
 Metaspace       used 45544K, capacity 46657K, committed 46824K, reserved 1089536K
  class space    used 5792K, capacity 6192K, committed 6272K, reserved 1048576K
}
Event: 9.284 GC heap before
{Heap before GC invocations=8 (full 0):
 garbage-first heap   total 260096K, used 166146K [0x0000000080000000, 0x0000000100000000)
  region size 1024K, 144 young (147456K), 14 survivors (14336K)
 Metaspace       used 54651K, capacity 56021K, committed 56296K, reserved 1097728K
  class space    used 6915K, capacity 7462K, committed 7552K, reserved 1048576K
}
Event: 9.313 GC heap after
{Heap after GC invocations=9 (full 0):
 garbage-first heap   total 260096K, used 42644K [0x0000000080000000, 0x0000000100000000)
  region size 1024K, 18 young (18432K), 18 survivors (18432K)
 Metaspace       used 54651K, capacity 56021K, committed 56296K, reserved 1097728K
  class space    used 6915K, capacity 7462K, committed 7552K, reserved 1048576K
}
Event: 12.323 GC heap before
{Heap before GC invocations=9 (full 0):
 garbage-first heap   total 260096K, used 187028K [0x0000000080000000, 0x0000000100000000)
  region size 1024K, 152 young (155648K), 18 survivors (18432K)
 Metaspace       used 66306K, capacity 67903K, committed 68072K, reserved 1107968K
  class space    used 8388K, capacity 9035K, committed 9088K, reserved 1048576K
}
Event: 12.353 GC heap after
{Heap after GC invocations=10 (full 0):
 garbage-first heap   total 260096K, used 51760K [0x0000000080000000, 0x0000000100000000)
  region size 1024K, 19 young (19456K), 19 survivors (19456K)
 Metaspace       used 66306K, capacity 67903K, committed 68072K, reserved 1107968K
  class space    used 8388K, capacity 9035K, committed 9088K, reserved 1048576K
}
Event: 14.581 GC heap before
{Heap before GC invocations=10 (full 0):
 garbage-first heap   total 260096K, used 187952K [0x0000000080000000, 0x0000000100000000)
  region size 1024K, 152 young (155648K), 19 survivors (19456K)
 Metaspace       used 74216K, capacity 75980K, committed 76264K, reserved 1116160K
  class space    used 9634K, capacity 10328K, committed 10368K, reserved 1048576K
}
Event: 14.608 GC heap after
{Heap after GC invocations=11 (full 0):
 garbage-first heap   total 260096K, used 62079K [0x0000000080000000, 0x0000000100000000)
  region size 1024K, 10 young (10240K), 10 survivors (10240K)
 Metaspace       used 74216K, capacity 75980K, committed 76264K, reserved 1116160K
  class space    used 9634K, capacity 10328K, committed 10368K, reserved 1048576K
}
Event: 15.083 GC heap before
{Heap before GC invocations=11 (full 0):
 garbage-first heap   total 260096K, used 85631K [0x0000000080000000, 0x0000000100000000)
  region size 1024K, 34 young (34816K), 10 survivors (10240K)
 Metaspace       used 76055K, capacity 77849K, committed 78040K, reserved 1116160K
  class space    used 9900K, capacity 10621K, committed 10624K, reserved 1048576K
}
Event: 15.110 GC heap after
{Heap after GC invocations=12 (full 0):
 garbage-first heap   total 260096K, used 63098K [0x0000000080000000, 0x0000000100000000)
  region size 1024K, 11 young (11264K), 11 survivors (11264K)
 Metaspace       used 76055K, capacity 77849K, committed 78040K, reserved 1116160K
  class space    used 9900K, capacity 10621K, committed 10624K, reserved 1048576K
}
Event: 17.562 GC heap before
{Heap before GC invocations=13 (full 0):
 garbage-first heap   total 260096K, used 195194K [0x0000000080000000, 0x0000000100000000)
  region size 1024K, 140 young (143360K), 11 survivors (11264K)
 Metaspace       used 82895K, capacity 84999K, committed 85156K, reserved 1122304K
  class space    used 10810K, capacity 11615K, committed 11648K, reserved 1048576K
}
Event: 17.619 GC heap after
{Heap after GC invocations=14 (full 0):
 garbage-first heap   total 260096K, used 77789K [0x0000000080000000, 0x0000000100000000)
  region size 1024K, 17 young (17408K), 17 survivors (17408K)
 Metaspace       used 82895K, capacity 84999K, committed 85156K, reserved 1122304K
  class space    used 10810K, capacity 11615K, committed 11648K, reserved 1048576K
}
Event: 20.061 GC heap before
{Heap before GC invocations=15 (full 0):
 garbage-first heap   total 260096K, used 195549K [0x0000000080000000, 0x0000000100000000)
  region size 1024K, 133 young (136192K), 17 survivors (17408K)
 Metaspace       used 87381K, capacity 89966K, committed 90020K, reserved 1126400K
  class space    used 11362K, capacity 12367K, committed 12416K, reserved 1048576K
}

