# JRE version: OpenJDK Runtime Environment (11.0.15) (build 11.0.15+0-b2043.56-9505619)
# Java VM: OpenJDK 64-Bit Server VM (11.0.15+0-b2043.56-9505619, mixed mode, tiered, compressed oops, g1 gc, windows-amd64)
Heap:
 garbage-first heap   total 509952K, used 251264K [0x0000000080000000, 0x0000000100000000)
  region size 1024K, 2 young (2048K), 2 survivors (2048K)
 Metaspace       used 173975K, capacity 180245K, committed 180508K, reserved 1206272K
  class space    used 20905K, capacity 23115K, committed 23148K, reserved 1048576K
GC Heap History (20 events):
Event: 12629.014 GC heap after
{Heap after GC invocations=288 (full 0):
 garbage-first heap   total 317440K, used 277506K [0x0000000080000000, 0x0000000100000000)
  region size 1024K, 2 young (2048K), 2 survivors (2048K)
 Metaspace       used 173821K, capacity 180106K, committed 180252K, reserved 1206272K
  class space    used 20905K, capacity 23114K, committed 23148K, reserved 1048576K
}
Event: 12629.155 GC heap before
{Heap before GC invocations=288 (full 0):
 garbage-first heap   total 317440K, used 297986K [0x0000000080000000, 0x0000000100000000)
  region size 1024K, 15 young (15360K), 2 survivors (2048K)
 Metaspace       used 173823K, capacity 180106K, committed 180252K, reserved 1206272K
  class space    used 20905K, capacity 23114K, committed 23148K, reserved 1048576K
}
Event: 12629.165 GC heap after
{Heap after GC invocations=289 (full 0):
 garbage-first heap   total 317440K, used 276480K [0x0000000080000000, 0x0000000100000000)
  region size 1024K, 2 young (2048K), 2 survivors (2048K)
 Metaspace       used 173823K, capacity 180106K, committed 180252K, reserved 1206272K
  class space    used 20905K, capacity 23114K, committed 23148K, reserved 1048576K
}
Event: 12629.315 GC heap before
{Heap before GC invocations=289 (full 0):
 garbage-first heap   total 317440K, used 288768K [0x0000000080000000, 0x0000000100000000)
  region size 1024K, 15 young (15360K), 2 survivors (2048K)
 Metaspace       used 173833K, capacity 180106K, committed 180252K, reserved 1206272K
  class space    used 20905K, capacity 23114K, committed 23148K, reserved 1048576K
}
Event: 12629.326 GC heap after
{Heap after GC invocations=290 (full 0):
 garbage-first heap   total 317440K, used 278904K [0x0000000080000000, 0x0000000100000000)
  region size 1024K, 2 young (2048K), 2 survivors (2048K)
 Metaspace       used 173833K, capacity 180106K, committed 180252K, reserved 1206272K
  class space    used 20905K, capacity 23114K, committed 23148K, reserved 1048576K
}
Event: 12629.636 GC heap before
{Heap before GC invocations=290 (full 0):
 garbage-first heap   total 317440K, used 292216K [0x0000000080000000, 0x0000000100000000)
  region size 1024K, 15 young (15360K), 2 survivors (2048K)
 Metaspace       used 173839K, capacity 180107K, committed 180252K, reserved 1206272K
  class space    used 20905K, capacity 23114K, committed 23148K, reserved 1048576K
}
Event: 12629.645 GC heap after
{Heap after GC invocations=291 (full 0):
 garbage-first heap   total 317440K, used 279284K [0x0000000080000000, 0x0000000100000000)
  region size 1024K, 1 young (1024K), 1 survivors (1024K)
 Metaspace       used 173839K, capacity 180107K, committed 180252K, reserved 1206272K
  class space    used 20905K, capacity 23114K, committed 23148K, reserved 1048576K
}
Event: 12629.840 GC heap before
{Heap before GC invocations=291 (full 0):
 garbage-first heap   total 317440K, used 300788K [0x0000000080000000, 0x0000000100000000)
  region size 1024K, 15 young (15360K), 1 survivors (1024K)
 Metaspace       used 173843K, capacity 180107K, committed 180252K, reserved 1206272K
  class space    used 20905K, capacity 23114K, committed 23148K, reserved 1048576K
}
Event: 12629.844 GC heap after
{Heap after GC invocations=292 (full 0):
 garbage-first heap   total 317440K, used 288682K [0x0000000080000000, 0x0000000100000000)
  region size 1024K, 2 young (2048K), 2 survivors (2048K)
 Metaspace       used 173843K, capacity 180107K, committed 180252K, reserved 1206272K
  class space    used 20905K, capacity 23114K, committed 23148K, reserved 1048576K
}
Event: 12629.903 GC heap before
{Heap before GC invocations=293 (full 0):
 garbage-first heap   total 317440K, used 316330K [0x0000000080000000, 0x0000000100000000)
  region size 1024K, 12 young (12288K), 2 survivors (2048K)
 Metaspace       used 173883K, capacity 180171K, committed 180252K, reserved 1206272K
  class space    used 20905K, capacity 23114K, committed 23148K, reserved 1048576K
}
Event: 12629.910 GC heap after
{Heap after GC invocations=294 (full 0):
 garbage-first heap   total 399360K, used 286861K [0x0000000080000000, 0x0000000100000000)
  region size 1024K, 2 young (2048K), 2 survivors (2048K)
 Metaspace       used 173883K, capacity 180171K, committed 180252K, reserved 1206272K
  class space    used 20905K, capacity 23114K, committed 23148K, reserved 1048576K
}
Event: 12629.950 GC heap before
{Heap before GC invocations=294 (full 0):
 garbage-first heap   total 399360K, used 304269K [0x0000000080000000, 0x0000000100000000)
  region size 1024K, 19 young (19456K), 2 survivors (2048K)
 Metaspace       used 173883K, capacity 180171K, committed 180252K, reserved 1206272K
  class space    used 20905K, capacity 23114K, committed 23148K, reserved 1048576K
}
Event: 12629.955 GC heap after
{Heap after GC invocations=295 (full 0):
 garbage-first heap   total 399360K, used 291160K [0x0000000080000000, 0x0000000100000000)
  region size 1024K, 3 young (3072K), 3 survivors (3072K)
 Metaspace       used 173883K, capacity 180171K, committed 180252K, reserved 1206272K
  class space    used 20905K, capacity 23114K, committed 23148K, reserved 1048576K
}
Event: 12630.097 GC heap before
{Heap before GC invocations=295 (full 0):
 garbage-first heap   total 399360K, used 317784K [0x0000000080000000, 0x0000000100000000)
  region size 1024K, 30 young (30720K), 3 survivors (3072K)
 Metaspace       used 173945K, capacity 180178K, committed 180252K, reserved 1206272K
  class space    used 20905K, capacity 23115K, committed 23148K, reserved 1048576K
}
Event: 12630.109 GC heap after
{Heap after GC invocations=296 (full 0):
 garbage-first heap   total 399360K, used 295229K [0x0000000080000000, 0x0000000100000000)
  region size 1024K, 4 young (4096K), 4 survivors (4096K)
 Metaspace       used 173945K, capacity 180178K, committed 180252K, reserved 1206272K
  class space    used 20905K, capacity 23115K, committed 23148K, reserved 1048576K
}
Event: 12630.518 GC heap before
{Heap before GC invocations=296 (full 0):
 garbage-first heap   total 399360K, used 290109K [0x0000000080000000, 0x0000000100000000)
  region size 1024K, 31 young (31744K), 4 survivors (4096K)
 Metaspace       used 173945K, capacity 180178K, committed 180252K, reserved 1206272K
  class space    used 20905K, capacity 23115K, committed 23148K, reserved 1048576K
}
Event: 12630.527 GC heap after
{Heap after GC invocations=297 (full 0):
 garbage-first heap   total 399360K, used 265707K [0x0000000080000000, 0x0000000100000000)
  region size 1024K, 4 young (4096K), 4 survivors (4096K)
 Metaspace       used 173945K, capacity 180178K, committed 180252K, reserved 1206272K
  class space    used 20905K, capacity 23115K, committed 23148K, reserved 1048576K
}
Event: 12630.783 GC heap before
{Heap before GC invocations=298 (full 0):
 garbage-first heap   total 399360K, used 304619K [0x0000000080000000, 0x0000000100000000)
  region size 1024K, 42 young (43008K), 4 survivors (4096K)
 Metaspace       used 173958K, capacity 180242K, committed 180508K, reserved 1206272K
  class space    used 20905K, capacity 23115K, committed 23148K, reserved 1048576K
}
Event: 12630.799 GC heap after
{Heap after GC invocations=299 (full 0):
 garbage-first heap   total 399360K, used 274067K [0x0000000080000000, 0x0000000100000000)
  region size 1024K, 6 young (6144K), 6 survivors (6144K)
 Metaspace       used 173958K, capacity 180242K, committed 180508K, reserved 1206272K
  class space    used 20905K, capacity 23115K, committed 23148K, reserved 1048576K
}
Event: 12631.277 GC heap before
{Heap before GC invocations=299 (full 0):
 garbage-first heap   total 399360K, used 286355K [0x0000000080000000, 0x0000000100000000)
  region size 1024K, 19 young (19456K), 6 survivors (6144K)
 Metaspace       used 173975K, capacity 180245K, committed 180508K, reserved 1206272K
  class space    used 20905K, capacity 23115K, committed 23148K, reserved 1048576K
}

