# JRE version: OpenJDK Runtime Environment (11.0.15) (build 11.0.15+0-b2043.56-9505619)
# Java VM: OpenJDK 64-Bit Server VM (11.0.15+0-b2043.56-9505619, mixed mode, tiered, compressed oops, g1 gc, windows-amd64)
Heap:
 garbage-first heap   total 260096K, used 132231K [0x0000000080000000, 0x0000000100000000)
  region size 1024K, 18 young (18432K), 9 survivors (9216K)
 Metaspace       used 93701K, capacity 96286K, committed 96900K, reserved 1132544K
  class space    used 12104K, capacity 13120K, committed 13312K, reserved 1048576K
GC Heap History (20 events):
Event: 4.787 GC heap before
{Heap before GC invocations=4 (full 0):
 garbage-first heap   total 260096K, used 111337K [0x0000000080000000, 0x0000000100000000)
  region size 1024K, 94 young (96256K), 2 survivors (2048K)
 Metaspace       used 35153K, capacity 36009K, committed 36048K, reserved 1081344K
  class space    used 4575K, capacity 4921K, committed 4940K, reserved 1048576K
}
Event: 4.798 GC heap after
{Heap after GC invocations=5 (full 0):
 garbage-first heap   total 260096K, used 22144K [0x0000000080000000, 0x0000000100000000)
  region size 1024K, 6 young (6144K), 6 survivors (6144K)
 Metaspace       used 35153K, capacity 36009K, committed 36048K, reserved 1081344K
  class space    used 4575K, capacity 4921K, committed 4940K, reserved 1048576K
}
Event: 6.342 GC heap before
{Heap before GC invocations=6 (full 0):
 garbage-first heap   total 260096K, used 132736K [0x0000000080000000, 0x0000000100000000)
  region size 1024K, 110 young (112640K), 6 survivors (6144K)
 Metaspace       used 44887K, capacity 45944K, committed 46236K, reserved 1089536K
  class space    used 5681K, capacity 6082K, committed 6168K, reserved 1048576K
}
Event: 6.361 GC heap after
{Heap after GC invocations=7 (full 0):
 garbage-first heap   total 260096K, used 30345K [0x0000000080000000, 0x0000000100000000)
  region size 1024K, 14 young (14336K), 14 survivors (14336K)
 Metaspace       used 44887K, capacity 45944K, committed 46236K, reserved 1089536K
  class space    used 5681K, capacity 6082K, committed 6168K, reserved 1048576K
}
Event: 7.757 GC heap before
{Heap before GC invocations=8 (full 0):
 garbage-first heap   total 260096K, used 158345K [0x0000000080000000, 0x0000000100000000)
  region size 1024K, 137 young (140288K), 14 survivors (14336K)
 Metaspace       used 52478K, capacity 53828K, committed 54044K, reserved 1095680K
  class space    used 6685K, capacity 7206K, committed 7320K, reserved 1048576K
}
Event: 7.774 GC heap after
{Heap after GC invocations=9 (full 0):
 garbage-first heap   total 260096K, used 41194K [0x0000000080000000, 0x0000000100000000)
  region size 1024K, 17 young (17408K), 17 survivors (17408K)
 Metaspace       used 52478K, capacity 53828K, committed 54044K, reserved 1095680K
  class space    used 6685K, capacity 7206K, committed 7320K, reserved 1048576K
}
Event: 10.124 GC heap before
{Heap before GC invocations=9 (full 0):
 garbage-first heap   total 260096K, used 187626K [0x0000000080000000, 0x0000000100000000)
  region size 1024K, 152 young (155648K), 17 survivors (17408K)
 Metaspace       used 66194K, capacity 67792K, committed 68124K, reserved 1107968K
  class space    used 8378K, capacity 9001K, committed 9112K, reserved 1048576K
}
Event: 10.147 GC heap after
{Heap after GC invocations=10 (full 0):
 garbage-first heap   total 260096K, used 50765K [0x0000000080000000, 0x0000000100000000)
  region size 1024K, 19 young (19456K), 19 survivors (19456K)
 Metaspace       used 66194K, capacity 67792K, committed 68124K, reserved 1107968K
  class space    used 8378K, capacity 9001K, committed 9112K, reserved 1048576K
}
Event: 11.726 GC heap before
{Heap before GC invocations=10 (full 0):
 garbage-first heap   total 260096K, used 186957K [0x0000000080000000, 0x0000000100000000)
  region size 1024K, 152 young (155648K), 19 survivors (19456K)
 Metaspace       used 73560K, capacity 75313K, committed 75420K, reserved 1114112K
  class space    used 9536K, capacity 10235K, committed 10264K, reserved 1048576K
}
Event: 11.746 GC heap after
{Heap after GC invocations=11 (full 0):
 garbage-first heap   total 260096K, used 60742K [0x0000000080000000, 0x0000000100000000)
  region size 1024K, 19 young (19456K), 19 survivors (19456K)
 Metaspace       used 73560K, capacity 75313K, committed 75420K, reserved 1114112K
  class space    used 9536K, capacity 10235K, committed 10264K, reserved 1048576K
}
Event: 12.068 GC heap before
{Heap before GC invocations=11 (full 0):
 garbage-first heap   total 260096K, used 86342K [0x0000000080000000, 0x0000000100000000)
  region size 1024K, 45 young (46080K), 19 survivors (19456K)
 Metaspace       used 75124K, capacity 76956K, committed 77060K, reserved 1116160K
  class space    used 9769K, capacity 10520K, committed 10624K, reserved 1048576K
}
Event: 12.105 GC heap after
{Heap after GC invocations=12 (full 0):
 garbage-first heap   total 260096K, used 63430K [0x0000000080000000, 0x0000000100000000)
  region size 1024K, 12 young (12288K), 12 survivors (12288K)
 Metaspace       used 75124K, capacity 76956K, committed 77060K, reserved 1116160K
  class space    used 9769K, capacity 10520K, committed 10624K, reserved 1048576K
}
Event: 13.646 GC heap before
{Heap before GC invocations=13 (full 0):
 garbage-first heap   total 260096K, used 189382K [0x0000000080000000, 0x0000000100000000)
  region size 1024K, 135 young (138240K), 12 survivors (12288K)
 Metaspace       used 82425K, capacity 84503K, committed 84740K, reserved 1122304K
  class space    used 10775K, capacity 11580K, committed 11648K, reserved 1048576K
}
Event: 13.686 GC heap after
{Heap after GC invocations=14 (full 0):
 garbage-first heap   total 260096K, used 74747K [0x0000000080000000, 0x0000000100000000)
  region size 1024K, 14 young (14336K), 14 survivors (14336K)
 Metaspace       used 82425K, capacity 84503K, committed 84740K, reserved 1122304K
  class space    used 10775K, capacity 11580K, committed 11648K, reserved 1048576K
}
Event: 15.237 GC heap before
{Heap before GC invocations=15 (full 0):
 garbage-first heap   total 260096K, used 191483K [0x0000000080000000, 0x0000000100000000)
  region size 1024K, 129 young (132096K), 14 survivors (14336K)
 Metaspace       used 87214K, capacity 89804K, committed 89860K, reserved 1126400K
  class space    used 11360K, capacity 12364K, committed 12416K, reserved 1048576K
}
Event: 15.261 GC heap after
{Heap after GC invocations=16 (full 0):
 garbage-first heap   total 260096K, used 86161K [0x0000000080000000, 0x0000000100000000)
  region size 1024K, 12 young (12288K), 12 survivors (12288K)
 Metaspace       used 87214K, capacity 89804K, committed 89860K, reserved 1126400K
  class space    used 11360K, capacity 12364K, committed 12416K, reserved 1048576K
}
Event: 16.945 GC heap before
{Heap before GC invocations=16 (full 0):
 garbage-first heap   total 260096K, used 198801K [0x0000000080000000, 0x0000000100000000)
  region size 1024K, 120 young (122880K), 12 survivors (12288K)
 Metaspace       used 93011K, capacity 95708K, committed 95748K, reserved 1132544K
  class space    used 12092K, capacity 13153K, committed 13184K, reserved 1048576K
}
Event: 16.971 GC heap after
{Heap after GC invocations=17 (full 0):
 garbage-first heap   total 260096K, used 107810K [0x0000000080000000, 0x0000000100000000)
  region size 1024K, 15 young (15360K), 15 survivors (15360K)
 Metaspace       used 93011K, capacity 95708K, committed 95748K, reserved 1132544K
  class space    used 12092K, capacity 13153K, committed 13184K, reserved 1048576K
}
Event: 17.159 GC heap before
{Heap before GC invocations=17 (full 0):
 garbage-first heap   total 260096K, used 137506K [0x0000000080000000, 0x0000000100000000)
  region size 1024K, 25 young (25600K), 15 survivors (15360K)
 Metaspace       used 93048K, capacity 95772K, committed 96004K, reserved 1132544K
  class space    used 12095K, capacity 13153K, committed 13184K, reserved 1048576K
}
Event: 17.178 GC heap after
{Heap after GC invocations=18 (full 0):
 garbage-first heap   total 260096K, used 120967K [0x0000000080000000, 0x0000000100000000)
  region size 1024K, 9 young (9216K), 9 survivors (9216K)
 Metaspace       used 93048K, capacity 95772K, committed 96004K, reserved 1132544K
  class space    used 12095K, capacity 13153K, committed 13184K, reserved 1048576K
}

